<?xml version="1.0" encoding="UTF-8"?>
<!-- Generated by org.testng.reporters.JUnitXMLReporter -->
<testsuite ignored="0" hostname="MKD-CORP-BCP112" failures="0" tests="6" name="Default test" time="65.161" errors="0" timestamp="2021-06-08T13:04:54 IST">
  <testcase classname="com.cyient.test.LoginTest" name="invalidCredentialTest" time="2.287"/>
  <testcase classname="com.cyient.test.LoginTest" name="invalidCredentialTest" time="2.299"/>
  <testcase classname="com.cyient.test.LoginTest" name="validCredentialTest" time="3.412"/>
  <testcase classname="com.cyient.test.LoginTest" name="validCredentialTest" time="3.856"/>
  <testcase classname="com.cyient.test.LoginTest" name="validCredentialTest" time="3.467"/>
  <testcase classname="com.cyient.test.LoginTest" name="validateUIComponentTest" time="0.077"/>
</testsuite> <!-- Default test -->
