<?xml version="1.0" encoding="UTF-8"?>
<!-- Generated by org.testng.reporters.JUnitXMLReporter -->
<testsuite ignored="0" hostname="MKD-CORP-BCP112" failures="0" tests="3" name="Default test" time="38.65" errors="0" timestamp="2021-06-09T13:25:27 IST">
  <testcase classname="com.cyient.test.LoginTest" name="validCredentialTest" time="5.293"/>
  <testcase classname="com.cyient.test.LoginTest" name="validCredentialTest" time="4.359"/>
  <testcase classname="com.cyient.test.LoginTest" name="validateUIComponentTest" time="0.078"/>
</testsuite> <!-- Default test -->
