<?xml version="1.0" encoding="UTF-8"?>
<testng-results ignored="0" total="6" passed="6" failed="0" skipped="0">
  <reporter-output>
  </reporter-output>
  <suite started-at="2021-06-08T13:03:49 IST" name="Default suite" finished-at="2021-06-08T13:04:54 IST" duration-ms="65161">
    <groups>
    </groups>
    <test started-at="2021-06-08T13:03:49 IST" name="Default test" finished-at="2021-06-08T13:04:54 IST" duration-ms="65161">
      <class name="com.cyient.test.LoginTest">
        <test-method is-config="true" signature="setup()[pri:0, instance:com.cyient.test.LoginTest@4da4253]" started-at="2021-06-08T13:03:49 IST" name="setup" finished-at="2021-06-08T13:03:56 IST" duration-ms="7238" status="PASS">
          <reporter-output>
          </reporter-output>
        </test-method> <!-- setup -->
        <test-method signature="invalidCredentialTest(java.lang.String,java.lang.String,java.lang.String,java.lang.String)[pri:0, instance:com.cyient.test.LoginTest@4da4253]" started-at="2021-06-08T13:03:56 IST" name="invalidCredentialTest" data-provider="invalidCredentialData" finished-at="2021-06-08T13:03:59 IST" duration-ms="2287" status="PASS">
          <params>
            <param index="0">
              <value>
                <![CDATA[john]]>
              </value>
            </param>
            <param index="1">
              <value>
                <![CDATA[john123]]>
              </value>
            </param>
            <param index="2">
              <value>
                <![CDATA[Dutch]]>
              </value>
            </param>
            <param index="3">
              <value>
                <![CDATA[Invalid username or password]]>
              </value>
            </param>
          </params>
          <reporter-output>
          </reporter-output>
        </test-method> <!-- invalidCredentialTest -->
        <test-method is-config="true" signature="teardown()[pri:0, instance:com.cyient.test.LoginTest@4da4253]" started-at="2021-06-08T13:03:59 IST" name="teardown" finished-at="2021-06-08T13:03:59 IST" duration-ms="763" status="PASS">
          <reporter-output>
          </reporter-output>
        </test-method> <!-- teardown -->
        <test-method is-config="true" signature="setup()[pri:0, instance:com.cyient.test.LoginTest@4da4253]" started-at="2021-06-08T13:03:59 IST" name="setup" finished-at="2021-06-08T13:04:07 IST" duration-ms="7096" status="PASS">
          <reporter-output>
          </reporter-output>
        </test-method> <!-- setup -->
        <test-method signature="invalidCredentialTest(java.lang.String,java.lang.String,java.lang.String,java.lang.String)[pri:0, instance:com.cyient.test.LoginTest@4da4253]" started-at="2021-06-08T13:04:07 IST" name="invalidCredentialTest" data-provider="invalidCredentialData" finished-at="2021-06-08T13:04:09 IST" duration-ms="2299" status="PASS">
          <params>
            <param index="0">
              <value>
                <![CDATA[dutch]]>
              </value>
            </param>
            <param index="1">
              <value>
                <![CDATA[dutch123]]>
              </value>
            </param>
            <param index="2">
              <value>
                <![CDATA[Czech]]>
              </value>
            </param>
            <param index="3">
              <value>
                <![CDATA[Invalid username or password]]>
              </value>
            </param>
          </params>
          <reporter-output>
          </reporter-output>
        </test-method> <!-- invalidCredentialTest -->
        <test-method is-config="true" signature="teardown()[pri:0, instance:com.cyient.test.LoginTest@4da4253]" started-at="2021-06-08T13:04:09 IST" name="teardown" finished-at="2021-06-08T13:04:10 IST" duration-ms="790" status="PASS">
          <reporter-output>
          </reporter-output>
        </test-method> <!-- teardown -->
        <test-method is-config="true" signature="setup()[pri:0, instance:com.cyient.test.LoginTest@4da4253]" started-at="2021-06-08T13:04:10 IST" name="setup" finished-at="2021-06-08T13:04:16 IST" duration-ms="6859" status="PASS">
          <reporter-output>
          </reporter-output>
        </test-method> <!-- setup -->
        <test-method signature="validCredentialTest(java.lang.String,java.lang.String,java.lang.String,java.lang.String)[pri:0, instance:com.cyient.test.LoginTest@4da4253]" started-at="2021-06-08T13:04:16 IST" name="validCredentialTest" data-provider="validData" finished-at="2021-06-08T13:04:20 IST" duration-ms="3412" status="PASS">
          <params>
            <param index="0">
              <value>
                <![CDATA[admin]]>
              </value>
            </param>
            <param index="1">
              <value>
                <![CDATA[pass]]>
              </value>
            </param>
            <param index="2">
              <value>
                <![CDATA[English (Indian)]]>
              </value>
            </param>
            <param index="3">
              <value>
                <![CDATA[OpenEMR]]>
              </value>
            </param>
          </params>
          <reporter-output>
          </reporter-output>
        </test-method> <!-- validCredentialTest -->
        <test-method is-config="true" signature="teardown()[pri:0, instance:com.cyient.test.LoginTest@4da4253]" started-at="2021-06-08T13:04:20 IST" name="teardown" finished-at="2021-06-08T13:04:21 IST" duration-ms="793" status="PASS">
          <reporter-output>
          </reporter-output>
        </test-method> <!-- teardown -->
        <test-method is-config="true" signature="setup()[pri:0, instance:com.cyient.test.LoginTest@4da4253]" started-at="2021-06-08T13:04:21 IST" name="setup" finished-at="2021-06-08T13:04:31 IST" duration-ms="10294" status="PASS">
          <reporter-output>
          </reporter-output>
        </test-method> <!-- setup -->
        <test-method signature="validCredentialTest(java.lang.String,java.lang.String,java.lang.String,java.lang.String)[pri:0, instance:com.cyient.test.LoginTest@4da4253]" started-at="2021-06-08T13:04:31 IST" name="validCredentialTest" data-provider="validData" finished-at="2021-06-08T13:04:35 IST" duration-ms="3856" status="PASS">
          <params>
            <param index="0">
              <value>
                <![CDATA[physician]]>
              </value>
            </param>
            <param index="1">
              <value>
                <![CDATA[physician]]>
              </value>
            </param>
            <param index="2">
              <value>
                <![CDATA[English (Indian)]]>
              </value>
            </param>
            <param index="3">
              <value>
                <![CDATA[OpenEMR]]>
              </value>
            </param>
          </params>
          <reporter-output>
          </reporter-output>
        </test-method> <!-- validCredentialTest -->
        <test-method is-config="true" signature="teardown()[pri:0, instance:com.cyient.test.LoginTest@4da4253]" started-at="2021-06-08T13:04:35 IST" name="teardown" finished-at="2021-06-08T13:04:36 IST" duration-ms="777" status="PASS">
          <reporter-output>
          </reporter-output>
        </test-method> <!-- teardown -->
        <test-method is-config="true" signature="setup()[pri:0, instance:com.cyient.test.LoginTest@4da4253]" started-at="2021-06-08T13:04:36 IST" name="setup" finished-at="2021-06-08T13:04:42 IST" duration-ms="6775" status="PASS">
          <reporter-output>
          </reporter-output>
        </test-method> <!-- setup -->
        <test-method signature="validCredentialTest(java.lang.String,java.lang.String,java.lang.String,java.lang.String)[pri:0, instance:com.cyient.test.LoginTest@4da4253]" started-at="2021-06-08T13:04:42 IST" name="validCredentialTest" data-provider="validData" finished-at="2021-06-08T13:04:46 IST" duration-ms="3467" status="PASS">
          <params>
            <param index="0">
              <value>
                <![CDATA[accountant]]>
              </value>
            </param>
            <param index="1">
              <value>
                <![CDATA[accountant]]>
              </value>
            </param>
            <param index="2">
              <value>
                <![CDATA[English (Indian)]]>
              </value>
            </param>
            <param index="3">
              <value>
                <![CDATA[OpenEMR]]>
              </value>
            </param>
          </params>
          <reporter-output>
          </reporter-output>
        </test-method> <!-- validCredentialTest -->
        <test-method is-config="true" signature="teardown()[pri:0, instance:com.cyient.test.LoginTest@4da4253]" started-at="2021-06-08T13:04:46 IST" name="teardown" finished-at="2021-06-08T13:04:47 IST" duration-ms="772" status="PASS">
          <reporter-output>
          </reporter-output>
        </test-method> <!-- teardown -->
        <test-method is-config="true" signature="setup()[pri:0, instance:com.cyient.test.LoginTest@4da4253]" started-at="2021-06-08T13:04:47 IST" name="setup" finished-at="2021-06-08T13:04:53 IST" duration-ms="6774" status="PASS">
          <reporter-output>
          </reporter-output>
        </test-method> <!-- setup -->
        <test-method signature="validateUIComponentTest()[pri:0, instance:com.cyient.test.LoginTest@4da4253]" started-at="2021-06-08T13:04:53 IST" name="validateUIComponentTest" finished-at="2021-06-08T13:04:53 IST" duration-ms="77" status="PASS">
          <reporter-output>
          </reporter-output>
        </test-method> <!-- validateUIComponentTest -->
        <test-method is-config="true" signature="teardown()[pri:0, instance:com.cyient.test.LoginTest@4da4253]" started-at="2021-06-08T13:04:53 IST" name="teardown" finished-at="2021-06-08T13:04:54 IST" duration-ms="790" status="PASS">
          <reporter-output>
          </reporter-output>
        </test-method> <!-- teardown -->
      </class> <!-- com.cyient.test.LoginTest -->
    </test> <!-- Default test -->
  </suite> <!-- Default suite -->
</testng-results>
