<?xml version="1.0" encoding="UTF-8"?>
<testng-results ignored="0" total="3" passed="3" failed="0" skipped="0">
  <reporter-output>
  </reporter-output>
  <suite started-at="2021-06-09T13:24:49 IST" name="Default suite" finished-at="2021-06-09T13:25:27 IST" duration-ms="38650">
    <groups>
    </groups>
    <test started-at="2021-06-09T13:24:49 IST" name="Default test" finished-at="2021-06-09T13:25:27 IST" duration-ms="38650">
      <class name="com.cyient.test.LoginTest">
        <test-method is-config="true" signature="setup()[pri:0, instance:com.cyient.test.LoginTest@49c7b90e]" started-at="2021-06-09T13:24:49 IST" name="setup" finished-at="2021-06-09T13:24:58 IST" duration-ms="8865" status="PASS">
          <reporter-output>
          </reporter-output>
        </test-method> <!-- setup -->
        <test-method signature="validCredentialTest(java.lang.String,java.lang.String,java.lang.String,java.lang.String)[pri:0, instance:com.cyient.test.LoginTest@49c7b90e]" started-at="2021-06-09T13:24:58 IST" name="validCredentialTest" data-provider="validCredentialExcelData" finished-at="2021-06-09T13:25:03 IST" duration-ms="5293" status="PASS">
          <params>
            <param index="0">
              <value>
                <![CDATA[admin]]>
              </value>
            </param>
            <param index="1">
              <value>
                <![CDATA[pass]]>
              </value>
            </param>
            <param index="2">
              <value>
                <![CDATA[English (Indian)]]>
              </value>
            </param>
            <param index="3">
              <value>
                <![CDATA[OpenEMR]]>
              </value>
            </param>
          </params>
          <reporter-output>
          </reporter-output>
        </test-method> <!-- validCredentialTest -->
        <test-method is-config="true" signature="teardown()[pri:0, instance:com.cyient.test.LoginTest@49c7b90e]" started-at="2021-06-09T13:25:03 IST" name="teardown" finished-at="2021-06-09T13:25:04 IST" duration-ms="776" status="PASS">
          <reporter-output>
          </reporter-output>
        </test-method> <!-- teardown -->
        <test-method is-config="true" signature="setup()[pri:0, instance:com.cyient.test.LoginTest@49c7b90e]" started-at="2021-06-09T13:25:04 IST" name="setup" finished-at="2021-06-09T13:25:13 IST" duration-ms="8449" status="PASS">
          <reporter-output>
          </reporter-output>
        </test-method> <!-- setup -->
        <test-method signature="validCredentialTest(java.lang.String,java.lang.String,java.lang.String,java.lang.String)[pri:0, instance:com.cyient.test.LoginTest@49c7b90e]" started-at="2021-06-09T13:25:13 IST" name="validCredentialTest" data-provider="validCredentialExcelData" finished-at="2021-06-09T13:25:17 IST" duration-ms="4359" status="PASS">
          <params>
            <param index="0">
              <value>
                <![CDATA[accountant]]>
              </value>
            </param>
            <param index="1">
              <value>
                <![CDATA[accountant]]>
              </value>
            </param>
            <param index="2">
              <value>
                <![CDATA[English (Indian)]]>
              </value>
            </param>
            <param index="3">
              <value>
                <![CDATA[OpenEMR]]>
              </value>
            </param>
          </params>
          <reporter-output>
          </reporter-output>
        </test-method> <!-- validCredentialTest -->
        <test-method is-config="true" signature="teardown()[pri:0, instance:com.cyient.test.LoginTest@49c7b90e]" started-at="2021-06-09T13:25:17 IST" name="teardown" finished-at="2021-06-09T13:25:18 IST" duration-ms="766" status="PASS">
          <reporter-output>
          </reporter-output>
        </test-method> <!-- teardown -->
        <test-method is-config="true" signature="setup()[pri:0, instance:com.cyient.test.LoginTest@49c7b90e]" started-at="2021-06-09T13:25:18 IST" name="setup" finished-at="2021-06-09T13:25:27 IST" duration-ms="8917" status="PASS">
          <reporter-output>
          </reporter-output>
        </test-method> <!-- setup -->
        <test-method signature="validateUIComponentTest()[pri:0, instance:com.cyient.test.LoginTest@49c7b90e]" started-at="2021-06-09T13:25:27 IST" name="validateUIComponentTest" finished-at="2021-06-09T13:25:27 IST" duration-ms="78" status="PASS">
          <reporter-output>
          </reporter-output>
        </test-method> <!-- validateUIComponentTest -->
        <test-method is-config="true" signature="teardown()[pri:0, instance:com.cyient.test.LoginTest@49c7b90e]" started-at="2021-06-09T13:25:27 IST" name="teardown" finished-at="2021-06-09T13:25:27 IST" duration-ms="728" status="PASS">
          <reporter-output>
          </reporter-output>
        </test-method> <!-- teardown -->
      </class> <!-- com.cyient.test.LoginTest -->
    </test> <!-- Default test -->
  </suite> <!-- Default suite -->
</testng-results>
